<?xml version="1.0" encoding="UTF-8"?>
<!-- Generated by org.testng.reporters.JUnitXMLReporter -->
<testsuite ignored="0" hostname="DESKTOP-AIAMBOH" failures="0" tests="4" name="Default test" time="59.55" errors="0" timestamp="31 Jan. 2021 07:11:43 GMT">
  <testcase classname="tests.LoginTest" name="loginTest" time="50.645"/>
  <testcase classname="tests.LoginTest" name="verifyLoginSucessTest" time="0.008"/>
  <testcase classname="tests.LoginTest" name="verifyLogoutIcon" time="0.031"/>
  <testcase classname="tests.LoginTest" name="verifyLogoutSuccess" time="0.817"/>
</testsuite> <!-- Default test -->
