<?xml version="1.0" encoding="UTF-8"?>
<!-- Generated by org.testng.reporters.JUnitXMLReporter -->
<testsuite ignored="0" hostname="DESKTOP-AIAMBOH" failures="0" tests="4" name="Test" time="17.714" errors="0" timestamp="31 Jan. 2021 07:16:33 GMT">
  <testcase classname="tests.LoginTest" name="loginTest" time="4.313"/>
  <testcase classname="tests.LoginTest" name="verifyLoginSucessTest" time="0.03"/>
  <testcase classname="tests.LoginTest" name="verifyLogoutIcon" time="0.32"/>
  <testcase classname="tests.LoginTest" name="verifyLogoutSuccess" time="3.334"/>
</testsuite> <!-- Test -->
