<?xml version="1.0" encoding="UTF-8"?>
<!-- Generated by org.testng.reporters.JUnitXMLReporter -->
<testsuite ignored="0" hostname="DESKTOP-AIAMBOH" failures="0" tests="6" name="Surefire test" time="0.071" errors="0" timestamp="20 Dec. 2020 22:51:56 GMT">
  <testcase classname="tests.Testing1" name="f" time="0.002"/>
  <testcase classname="tests.Testing1" name="f" time="0.001"/>
  <testcase classname="tests.Testing1" name="test1" time="0.001"/>
  <testcase classname="tests.Testing1" name="test2" time="0.002"/>
  <testcase classname="tests.Testing2" name="test1" time="0.0"/>
  <testcase classname="tests.Testing2" name="test2" time="0.001"/>
</testsuite> <!-- Surefire test -->
