<?xml version="1.0" encoding="UTF-8"?>
<testng-results ignored="0" total="6" passed="6" failed="0" skipped="0">
  <reporter-output>
  </reporter-output>
  <suite started-at="2020-12-20T22:51:56Z" name="Surefire suite" finished-at="2020-12-20T22:51:56Z" duration-ms="71">
    <groups>
    </groups>
    <test started-at="2020-12-20T22:51:56Z" name="Surefire test" finished-at="2020-12-20T22:51:56Z" duration-ms="71">
      <class name="tests.Testing1">
        <test-method is-config="true" signature="beforeSuite()[pri:0, instance:tests.Testing1@31f924f5]" started-at="2020-12-20T22:51:56Z" name="beforeSuite" finished-at="2020-12-20T22:51:56Z" duration-ms="55" status="PASS">
          <reporter-output>
          </reporter-output>
        </test-method> <!-- beforeSuite -->
        <test-method is-config="true" signature="beforeTest()[pri:0, instance:tests.Testing1@31f924f5]" started-at="2020-12-20T22:51:56Z" name="beforeTest" finished-at="2020-12-20T22:51:56Z" duration-ms="0" status="PASS">
          <reporter-output>
          </reporter-output>
        </test-method> <!-- beforeTest -->
        <test-method is-config="true" signature="beforeClass()[pri:0, instance:tests.Testing1@31f924f5]" started-at="2020-12-20T22:51:56Z" name="beforeClass" finished-at="2020-12-20T22:51:56Z" duration-ms="1" status="PASS">
          <reporter-output>
          </reporter-output>
        </test-method> <!-- beforeClass -->
        <test-method is-config="true" signature="beforeMethod()[pri:0, instance:tests.Testing1@31f924f5]" started-at="2020-12-20T22:51:56Z" name="beforeMethod" finished-at="2020-12-20T22:51:56Z" duration-ms="1" status="PASS">
          <reporter-output>
          </reporter-output>
        </test-method> <!-- beforeMethod -->
        <test-method signature="f(java.lang.Integer, java.lang.String)[pri:0, instance:tests.Testing1@31f924f5]" started-at="2020-12-20T22:51:56Z" name="f" data-provider="dp" finished-at="2020-12-20T22:51:56Z" duration-ms="2" status="PASS">
          <params>
            <param index="0">
              <value>
                <![CDATA[1]]>
              </value>
            </param>
            <param index="1">
              <value>
                <![CDATA[a]]>
              </value>
            </param>
          </params>
          <reporter-output>
          </reporter-output>
        </test-method> <!-- f -->
        <test-method is-config="true" signature="afterMethod()[pri:0, instance:tests.Testing1@31f924f5]" started-at="2020-12-20T22:51:56Z" name="afterMethod" finished-at="2020-12-20T22:51:56Z" duration-ms="1" status="PASS">
          <reporter-output>
          </reporter-output>
        </test-method> <!-- afterMethod -->
        <test-method is-config="true" signature="beforeMethod()[pri:0, instance:tests.Testing1@31f924f5]" started-at="2020-12-20T22:51:56Z" name="beforeMethod" finished-at="2020-12-20T22:51:56Z" duration-ms="0" status="PASS">
          <reporter-output>
          </reporter-output>
        </test-method> <!-- beforeMethod -->
        <test-method signature="f(java.lang.Integer, java.lang.String)[pri:0, instance:tests.Testing1@31f924f5]" started-at="2020-12-20T22:51:56Z" name="f" data-provider="dp" finished-at="2020-12-20T22:51:56Z" duration-ms="1" status="PASS">
          <params>
            <param index="0">
              <value>
                <![CDATA[2]]>
              </value>
            </param>
            <param index="1">
              <value>
                <![CDATA[b]]>
              </value>
            </param>
          </params>
          <reporter-output>
          </reporter-output>
        </test-method> <!-- f -->
        <test-method is-config="true" signature="afterMethod()[pri:0, instance:tests.Testing1@31f924f5]" started-at="2020-12-20T22:51:56Z" name="afterMethod" finished-at="2020-12-20T22:51:56Z" duration-ms="1" status="PASS">
          <reporter-output>
          </reporter-output>
        </test-method> <!-- afterMethod -->
        <test-method is-config="true" signature="beforeMethod()[pri:0, instance:tests.Testing1@31f924f5]" started-at="2020-12-20T22:51:56Z" name="beforeMethod" finished-at="2020-12-20T22:51:56Z" duration-ms="0" status="PASS">
          <reporter-output>
          </reporter-output>
        </test-method> <!-- beforeMethod -->
        <test-method signature="test1()[pri:0, instance:tests.Testing1@31f924f5]" started-at="2020-12-20T22:51:56Z" name="test1" finished-at="2020-12-20T22:51:56Z" duration-ms="1" status="PASS">
          <reporter-output>
          </reporter-output>
        </test-method> <!-- test1 -->
        <test-method is-config="true" signature="afterMethod()[pri:0, instance:tests.Testing1@31f924f5]" started-at="2020-12-20T22:51:56Z" name="afterMethod" finished-at="2020-12-20T22:51:56Z" duration-ms="0" status="PASS">
          <reporter-output>
          </reporter-output>
        </test-method> <!-- afterMethod -->
        <test-method signature="test2()[pri:0, instance:tests.Testing1@31f924f5]" started-at="2020-12-20T22:51:56Z" name="test2" finished-at="2020-12-20T22:51:56Z" duration-ms="2" status="PASS">
          <reporter-output>
          </reporter-output>
        </test-method> <!-- test2 -->
        <test-method is-config="true" signature="beforeMethod()[pri:0, instance:tests.Testing1@31f924f5]" started-at="2020-12-20T22:51:56Z" name="beforeMethod" finished-at="2020-12-20T22:51:56Z" duration-ms="0" status="PASS">
          <reporter-output>
          </reporter-output>
        </test-method> <!-- beforeMethod -->
        <test-method is-config="true" signature="afterMethod()[pri:0, instance:tests.Testing1@31f924f5]" started-at="2020-12-20T22:51:56Z" name="afterMethod" finished-at="2020-12-20T22:51:56Z" duration-ms="0" status="PASS">
          <reporter-output>
          </reporter-output>
        </test-method> <!-- afterMethod -->
        <test-method is-config="true" signature="afterClass()[pri:0, instance:tests.Testing1@31f924f5]" started-at="2020-12-20T22:51:56Z" name="afterClass" finished-at="2020-12-20T22:51:56Z" duration-ms="0" status="PASS">
          <reporter-output>
          </reporter-output>
        </test-method> <!-- afterClass -->
        <test-method is-config="true" signature="afterTest()[pri:0, instance:tests.Testing1@31f924f5]" started-at="2020-12-20T22:51:56Z" name="afterTest" finished-at="2020-12-20T22:51:56Z" duration-ms="1" status="PASS">
          <reporter-output>
          </reporter-output>
        </test-method> <!-- afterTest -->
        <test-method is-config="true" signature="afterSuite()[pri:0, instance:tests.Testing1@31f924f5]" started-at="2020-12-20T22:51:56Z" name="afterSuite" finished-at="2020-12-20T22:51:56Z" duration-ms="0" status="PASS">
          <reporter-output>
          </reporter-output>
        </test-method> <!-- afterSuite -->
      </class> <!-- tests.Testing1 -->
      <class name="tests.Testing2">
        <test-method signature="test1()[pri:0, instance:tests.Testing2@5579bb86]" started-at="2020-12-20T22:51:56Z" name="test1" finished-at="2020-12-20T22:51:56Z" duration-ms="0" status="PASS">
          <reporter-output>
          </reporter-output>
        </test-method> <!-- test1 -->
        <test-method signature="test2()[pri:0, instance:tests.Testing2@5579bb86]" started-at="2020-12-20T22:51:56Z" name="test2" finished-at="2020-12-20T22:51:56Z" duration-ms="1" status="PASS">
          <reporter-output>
          </reporter-output>
        </test-method> <!-- test2 -->
      </class> <!-- tests.Testing2 -->
    </test> <!-- Surefire test -->
  </suite> <!-- Surefire suite -->
</testng-results>
