<?xml version="1.0" encoding="UTF-8"?>
<testng-results ignored="0" total="4" passed="4" failed="0" skipped="0">
  <reporter-output>
  </reporter-output>
  <suite started-at="2021-01-31T07:16:15Z" name="Suite" finished-at="2021-01-31T07:16:33Z" duration-ms="17714">
    <groups>
    </groups>
    <test started-at="2021-01-31T07:16:15Z" name="Test" finished-at="2021-01-31T07:16:33Z" duration-ms="17714">
      <class name="tests.LoginTest">
        <test-method is-config="true" signature="setUp()[pri:0, instance:tests.LoginTest@31f9b85e]" started-at="2021-01-31T07:16:15Z" name="setUp" finished-at="2021-01-31T07:16:24Z" duration-ms="8430" status="PASS">
          <reporter-output>
          </reporter-output>
        </test-method> <!-- setUp -->
        <test-method signature="loginTest()[pri:0, instance:tests.LoginTest@31f9b85e]" started-at="2021-01-31T07:16:24Z" name="loginTest" finished-at="2021-01-31T07:16:28Z" duration-ms="4313" status="PASS">
          <reporter-output>
          </reporter-output>
        </test-method> <!-- loginTest -->
        <test-method signature="verifyLoginSucessTest()[pri:0, instance:tests.LoginTest@31f9b85e]" started-at="2021-01-31T07:16:28Z" name="verifyLoginSucessTest" finished-at="2021-01-31T07:16:28Z" duration-ms="30" status="PASS">
          <reporter-output>
          </reporter-output>
        </test-method> <!-- verifyLoginSucessTest -->
        <test-method signature="verifyLogoutIcon()[pri:0, instance:tests.LoginTest@31f9b85e]" started-at="2021-01-31T07:16:28Z" name="verifyLogoutIcon" finished-at="2021-01-31T07:16:29Z" duration-ms="320" status="PASS">
          <reporter-output>
          </reporter-output>
        </test-method> <!-- verifyLogoutIcon -->
        <test-method signature="verifyLogoutSuccess()[pri:0, instance:tests.LoginTest@31f9b85e]" started-at="2021-01-31T07:16:29Z" name="verifyLogoutSuccess" finished-at="2021-01-31T07:16:32Z" duration-ms="3334" status="PASS">
          <reporter-output>
          </reporter-output>
        </test-method> <!-- verifyLogoutSuccess -->
        <test-method is-config="true" signature="tearDown()[pri:0, instance:tests.LoginTest@31f9b85e]" started-at="2021-01-31T07:16:32Z" name="tearDown" finished-at="2021-01-31T07:16:33Z" duration-ms="1255" status="PASS">
          <reporter-output>
          </reporter-output>
        </test-method> <!-- tearDown -->
      </class> <!-- tests.LoginTest -->
    </test> <!-- Test -->
  </suite> <!-- Suite -->
</testng-results>
